<?xml version="1.0" encoding="UTF-8"?>
<!-- Generated by org.testng.reporters.JUnitReportReporter -->
<testsuite hostname="DESKTOP-M9B6F7P" failures="0" tests="2" name="login.Test2" time="0.001" errors="0" timestamp="2021-02-05T10:08:25 IST" skipped="0">
  <testcase classname="login.Test2" name="print4" time="0.000"/>
  <system-out/>
  <testcase classname="login.Test2" name="print3" time="0.001"/>
  <system-out/>
</testsuite> <!-- login.Test2 -->
