<?xml version="1.0" encoding="UTF-8"?>
<!-- Generated by org.testng.reporters.JUnitReportReporter -->
<testsuite hostname="DESKTOP-M9B6F7P" failures="0" tests="2" name="login.Test1" time="0.008" errors="0" timestamp="2021-02-05T10:08:25 IST" skipped="0">
  <testcase classname="login.Test1" name="print1" time="0.007"/>
  <system-out/>
  <testcase classname="login.Test1" name="print2" time="0.001"/>
  <system-out/>
</testsuite> <!-- login.Test1 -->
